<?xml version="1.0" encoding="UTF-8"?>
<testsuite xmlns:xsi="http://www.w3.org/2001/XMLSchema-instance" xsi:noNamespaceSchemaLocation="https://maven.apache.org/surefire/maven-surefire-plugin/xsd/surefire-test-report.xsd" name="nl.quintor.solitaire.game.moves.HelpMoveSpec" time="0.001" tests="2" errors="0" skipped="0" failures="2">
  <properties>
[...]
</properties>
  <testcase name="Help move should return help text" classname="nl.quintor.solitaire.game.moves.HelpMoveSpec" time="0.001">
    <failure message="Condition not satisfied:&#10;&#10;expectedMessage == actualMessage&#10;|               |  |&#10;|               |  null&#10;|               false&#10; &#10;You can give a command with the Capital letter followed by &lt;Return&gt;,&#10;so in order to display these instructions, simply type &quot;H + &lt;Return&gt;&quot;!&#10;You can simply hit &lt;Return&gt; to repeat the last command you entered.&#10;The H̲elp command requires arguments. The syntax is: &#10; &#10;M Source Destination (case insensitive)&#10; &#10;For example:&#10;&quot;M O SA&quot; moves the top card from the Stock to the top of Stack Pile A&#10;&quot;M SB F&quot; moves the top card from Stack Pile B to the end of Column F&#10; &#10;Dutch Patience rules: http://www.patiencespel.nl/patiencespelregels.php&#10;English Patience rules: http://digsolitaire.com/solitaire-rules.php&#10;" type="org.spockframework.runtime.SpockComparisonFailure"><![CDATA[org.spockframework.runtime.SpockComparisonFailure: 
Condition not satisfied:

expectedMessage == actualMessage
|               |  |
|               |  null
|               false
 
You can give a command with the Capital letter followed by <Return>,
so in order to display these instructions, simply type "H + <Return>"!
You can simply hit <Return> to repeat the last command you entered.
The H̲elp command requires arguments. The syntax is: 
 
M Source Destination (case insensitive)
 
For example:
"M O SA" moves the top card from the Stock to the top of Stack Pile A
"M SB F" moves the top card from Stack Pile B to the end of Column F
 
Dutch Patience rules: http://www.patiencespel.nl/patiencespelregels.php
English Patience rules: http://digsolitaire.com/solitaire-rules.php

	at nl.quintor.solitaire.game.moves.HelpMoveSpec.Help move should return help text(HelpMoveSpec.groovy:29)
]]></failure>
  </testcase>
  <testcase name="Help move toString should return &apos;H̲elp&apos;" classname="nl.quintor.solitaire.game.moves.HelpMoveSpec" time="0">
    <failure message="Condition not satisfied:&#10;&#10;new Help().toString() == &quot;H̲elp&quot;&#10;|          |          |&#10;|          null       false&#10;nl.quintor.solitaire.game.moves.Help@504e1599&#10;" type="org.spockframework.runtime.SpockComparisonFailure">org.spockframework.runtime.SpockComparisonFailure: 
Condition not satisfied:

new Help().toString() == "H̲elp"
|          |          |
|          null       false
nl.quintor.solitaire.game.moves.Help@504e1599

	at nl.quintor.solitaire.game.moves.HelpMoveSpec.Help move toString should return 'H̲elp'(HelpMoveSpec.groovy:34)
</failure>
  </testcase>
</testsuite>