<?xml version="1.0" encoding="UTF-8"?>
<testsuite xmlns:xsi="http://www.w3.org/2001/XMLSchema-instance" xsi:noNamespaceSchemaLocation="https://maven.apache.org/surefire/maven-surefire-plugin/xsd/surefire-test-report.xsd" name="nl.quintor.solitaire.game.moves.DummyMoveSpec" time="0" tests="3" errors="0" skipped="0" failures="3">
  <properties>
[...]
</properties>
  <testcase name="Dummy move should throw MoveException with message Unknown move played: null given a player input of null" classname="nl.quintor.solitaire.game.moves.DummyMoveSpec" time="0">
    <failure message="Expected exception of type &apos;nl.quintor.solitaire.game.moves.ex.MoveException&apos;, but no exception was thrown" type="org.spockframework.runtime.WrongExceptionThrownError">org.spockframework.runtime.WrongExceptionThrownError: Expected exception of type 'nl.quintor.solitaire.game.moves.ex.MoveException', but no exception was thrown
	at nl.quintor.solitaire.game.moves.DummyMoveSpec.Dummy move should throw #exception.getSimpleName() with message #exceptionMessage given a player input of #playerInput(DummyMoveSpec.groovy:16)
</failure>
  </testcase>
  <testcase name="Dummy move should throw MoveException with message Unknown move played: ABC given a player input of ABC" classname="nl.quintor.solitaire.game.moves.DummyMoveSpec" time="0">
    <failure message="Expected exception of type &apos;nl.quintor.solitaire.game.moves.ex.MoveException&apos;, but no exception was thrown" type="org.spockframework.runtime.WrongExceptionThrownError">org.spockframework.runtime.WrongExceptionThrownError: Expected exception of type 'nl.quintor.solitaire.game.moves.ex.MoveException', but no exception was thrown
	at nl.quintor.solitaire.game.moves.DummyMoveSpec.Dummy move should throw #exception.getSimpleName() with message #exceptionMessage given a player input of #playerInput(DummyMoveSpec.groovy:16)
</failure>
  </testcase>
  <testcase name="Dummy toString method should return &quot;Dummy&quot;" classname="nl.quintor.solitaire.game.moves.DummyMoveSpec" time="0">
    <failure message="Condition not satisfied:&#10;&#10;move.toString() == &quot;Dummy&quot;&#10;|    |          |&#10;|    null       false&#10;nl.quintor.solitaire.game.moves.Dummy@15e0fe05&#10;" type="org.spockframework.runtime.SpockComparisonFailure">org.spockframework.runtime.SpockComparisonFailure: 
Condition not satisfied:

move.toString() == "Dummy"
|    |          |
|    null       false
nl.quintor.solitaire.game.moves.Dummy@15e0fe05

	at nl.quintor.solitaire.game.moves.DummyMoveSpec.Dummy toString method should return "Dummy"(DummyMoveSpec.groovy:28)
</failure>
  </testcase>
</testsuite>