<?xml version="1.0" encoding="UTF-8"?>
<testsuite xmlns:xsi="http://www.w3.org/2001/XMLSchema-instance" xsi:noNamespaceSchemaLocation="https://maven.apache.org/surefire/maven-surefire-plugin/xsd/surefire-test-report.xsd" name="nl.quintor.solitaire.ui.cli.GameStateParserSpec" time="0.058" tests="12" errors="1" skipped="0" failures="9">
  <properties>
[...]
</properties>
  <testcase name="PadNAdd should add padding with testcase : pad string of lenght of 0" classname="nl.quintor.solitaire.ui.cli.GameStateParserSpec" time="0">
    <failure message="Condition not satisfied:&#10;&#10;builder.toString() == expectedResult&#10;|       |          |  |&#10;|       &quot;&quot;         |                      &#10;|                  false&#10;|                  20 differences (0% similarity)&#10;|                  (--------------------)&#10;|                  (                    )&#10;java.lang.StringBuilder@3effd4f3&#10;" type="org.spockframework.runtime.SpockComparisonFailure">org.spockframework.runtime.SpockComparisonFailure: 
Condition not satisfied:

builder.toString() == expectedResult
|       |          |  |
|       ""         |                      
|                  false
|                  20 differences (0% similarity)
|                  (--------------------)
|                  (                    )
java.lang.StringBuilder@3effd4f3

	at nl.quintor.solitaire.ui.cli.GameStateParserSpec.PadNAdd should add padding with testcase : #testCase(GameStateParserSpec.groovy:21)
</failure>
  </testcase>
  <testcase name="PadNAdd should add padding with testcase : pad string of lenght of 1" classname="nl.quintor.solitaire.ui.cli.GameStateParserSpec" time="0">
    <failure message="Condition not satisfied:&#10;&#10;builder.toString() == expectedResult&#10;|       |          |  |&#10;|       &quot;&quot;         |   a                  &#10;|                  false&#10;|                  20 differences (0% similarity)&#10;|                  (--------------------)&#10;|                  ( a                  )&#10;java.lang.StringBuilder@338cc75f&#10;" type="org.spockframework.runtime.SpockComparisonFailure">org.spockframework.runtime.SpockComparisonFailure: 
Condition not satisfied:

builder.toString() == expectedResult
|       |          |  |
|       ""         |   a                  
|                  false
|                  20 differences (0% similarity)
|                  (--------------------)
|                  ( a                  )
java.lang.StringBuilder@338cc75f

	at nl.quintor.solitaire.ui.cli.GameStateParserSpec.PadNAdd should add padding with testcase : #testCase(GameStateParserSpec.groovy:21)
</failure>
  </testcase>
  <testcase name="PadNAdd should add padding with testcase : pad string of lenght greater then 1" classname="nl.quintor.solitaire.ui.cli.GameStateParserSpec" time="0">
    <failure message="Condition not satisfied:&#10;&#10;builder.toString() == expectedResult&#10;|       |          |  |&#10;|       &quot;&quot;         |  abc                 &#10;|                  false&#10;|                  20 differences (0% similarity)&#10;|                  (--------------------)&#10;|                  (abc                 )&#10;java.lang.StringBuilder@7afbf561&#10;" type="org.spockframework.runtime.SpockComparisonFailure">org.spockframework.runtime.SpockComparisonFailure: 
Condition not satisfied:

builder.toString() == expectedResult
|       |          |  |
|       ""         |  abc                 
|                  false
|                  20 differences (0% similarity)
|                  (--------------------)
|                  (abc                 )
java.lang.StringBuilder@7afbf561

	at nl.quintor.solitaire.ui.cli.GameStateParserSpec.PadNAdd should add padding with testcase : #testCase(GameStateParserSpec.groovy:21)
</failure>
  </testcase>
  <testcase name="cardStringOrNull should return null when testing : Should return null when input deck is empty" classname="nl.quintor.solitaire.ui.cli.GameStateParserSpec" time="0"/>
  <testcase name="cardStringOrNull should return null when testing : Should return null when index is invalid" classname="nl.quintor.solitaire.ui.cli.GameStateParserSpec" time="0"/>
  <testcase name="cardStringOrNull should return ♦ 3 when testing : Should return ♦ 3 whith valid index pointing to card" classname="nl.quintor.solitaire.ui.cli.GameStateParserSpec" time="0">
    <failure message="Condition not satisfied:&#10;&#10;result == expectedResult&#10;|      |  |&#10;null   |  ♦ 3&#10;       false&#10;" type="org.spockframework.runtime.SpockComparisonFailure">org.spockframework.runtime.SpockComparisonFailure: 
Condition not satisfied:

result == expectedResult
|      |  |
null   |  ♦ 3
       false

	at nl.quintor.solitaire.ui.cli.GameStateParserSpec.cardStringOrNull should return #expectedResult when testing : #testCase(GameStateParserSpec.groovy:33)
</failure>
  </testcase>
  <testcase name="printRow should return false when testing: printing empty decks" classname="nl.quintor.solitaire.ui.cli.GameStateParserSpec" time="0.001">
    <failure message="Condition not satisfied:&#10;&#10;result == expectedResult&#10;|      |  |&#10;true   |  false&#10;       false&#10;" type="org.spockframework.runtime.SpockComparisonFailure">org.spockframework.runtime.SpockComparisonFailure: 
Condition not satisfied:

result == expectedResult
|      |  |
true   |  false
       false

	at nl.quintor.solitaire.ui.cli.GameStateParserSpec.printRow should return #expectedResult when testing: #testCase(GameStateParserSpec.groovy:47)
</failure>
  </testcase>
  <testcase name="printRow should return true when testing: printing decks containing only visible cards and one row" classname="nl.quintor.solitaire.ui.cli.GameStateParserSpec" time="0.002">
    <failure message="Condition not satisfied:&#10;&#10;builder.toString() == expectedBuilderContent&#10;|       |          |  |&#10;|       &quot;&quot;         |  ♤ A     ♤ K     ♤ Q     ♤ J     ♤ 10    ♤ 9     ♤ 8     &#10;|                  false&#10;|                  56 differences (0% similarity)&#10;|                  (--------------------------------------------------------)&#10;|                  (♤ A     ♤ K     ♤ Q     ♤ J     ♤ 10    ♤ 9     ♤ 8     )&#10;java.lang.StringBuilder@6c575325&#10;" type="org.spockframework.runtime.SpockComparisonFailure">org.spockframework.runtime.SpockComparisonFailure: 
Condition not satisfied:

builder.toString() == expectedBuilderContent
|       |          |  |
|       ""         |  ♤ A     ♤ K     ♤ Q     ♤ J     ♤ 10    ♤ 9     ♤ 8     
|                  false
|                  56 differences (0% similarity)
|                  (--------------------------------------------------------)
|                  (♤ A     ♤ K     ♤ Q     ♤ J     ♤ 10    ♤ 9     ♤ 8     )
java.lang.StringBuilder@6c575325

	at nl.quintor.solitaire.ui.cli.GameStateParserSpec.printRow should return #expectedResult when testing: #testCase(GameStateParserSpec.groovy:48)
</failure>
  </testcase>
  <testcase name="printRow should return true when testing: printing decks containing only visible cards and multiple rows" classname="nl.quintor.solitaire.ui.cli.GameStateParserSpec" time="0.001">
    <failure message="Condition not satisfied:&#10;&#10;builder.toString() == expectedBuilderContent&#10;|       |          |  |&#10;|       &quot;&quot;         |  ♤ 7     ♤ 6     ♤ 5     ♤ 4     ♤ 3     ♤ 2     ♥ A     &#10;|                  false&#10;|                  56 differences (0% similarity)&#10;|                  (--------------------------------------------------------)&#10;|                  (♤ 7     ♤ 6     ♤ 5     ♤ 4     ♤ 3     ♤ 2     ♥ A     )&#10;java.lang.StringBuilder@4e93dcb9&#10;" type="org.spockframework.runtime.SpockComparisonFailure">org.spockframework.runtime.SpockComparisonFailure: 
Condition not satisfied:

builder.toString() == expectedBuilderContent
|       |          |  |
|       ""         |  ♤ 7     ♤ 6     ♤ 5     ♤ 4     ♤ 3     ♤ 2     ♥ A     
|                  false
|                  56 differences (0% similarity)
|                  (--------------------------------------------------------)
|                  (♤ 7     ♤ 6     ♤ 5     ♤ 4     ♤ 3     ♤ 2     ♥ A     )
java.lang.StringBuilder@4e93dcb9

	at nl.quintor.solitaire.ui.cli.GameStateParserSpec.printRow should return #expectedResult when testing: #testCase(GameStateParserSpec.groovy:48)
</failure>
  </testcase>
  <testcase name="printRow should return false when testing: printing decks containing only visible cards and multiple rows with non existing  index" classname="nl.quintor.solitaire.ui.cli.GameStateParserSpec" time="0.001">
    <failure message="Condition not satisfied:&#10;&#10;result == expectedResult&#10;|      |  |&#10;true   |  false&#10;       false&#10;" type="org.spockframework.runtime.SpockComparisonFailure">org.spockframework.runtime.SpockComparisonFailure: 
Condition not satisfied:

result == expectedResult
|      |  |
true   |  false
       false

	at nl.quintor.solitaire.ui.cli.GameStateParserSpec.printRow should return #expectedResult when testing: #testCase(GameStateParserSpec.groovy:47)
</failure>
  </testcase>
  <testcase name="printRow should return true when testing: printing decks containing only invisible cards and one row" classname="nl.quintor.solitaire.ui.cli.GameStateParserSpec" time="0.001">
    <failure message="Condition not satisfied:&#10;&#10;builder.toString() == expectedBuilderContent&#10;|       |          |  |&#10;|       &quot;&quot;         |  ? ?     ? ?     ? ?     ? ?     ? ?     ? ?     ? ?     &#10;|                  false&#10;|                  56 differences (0% similarity)&#10;|                  (--------------------------------------------------------)&#10;|                  (? ?     ? ?     ? ?     ? ?     ? ?     ? ?     ? ?     )&#10;java.lang.StringBuilder@7c891ba7&#10;" type="org.spockframework.runtime.SpockComparisonFailure">org.spockframework.runtime.SpockComparisonFailure: 
Condition not satisfied:

builder.toString() == expectedBuilderContent
|       |          |  |
|       ""         |  ? ?     ? ?     ? ?     ? ?     ? ?     ? ?     ? ?     
|                  false
|                  56 differences (0% similarity)
|                  (--------------------------------------------------------)
|                  (? ?     ? ?     ? ?     ? ?     ? ?     ? ?     ? ?     )
java.lang.StringBuilder@7c891ba7

	at nl.quintor.solitaire.ui.cli.GameStateParserSpec.printRow should return #expectedResult when testing: #testCase(GameStateParserSpec.groovy:48)
</failure>
  </testcase>
  <testcase name="parseGameState should return a string representation of the game state for a new game" classname="nl.quintor.solitaire.ui.cli.GameStateParserSpec" time="0.001">
    <error message="Cannot invoke method add() on null object" type="java.lang.NullPointerException">java.lang.NullPointerException: Cannot invoke method add() on null object
	at nl.quintor.solitaire.ui.cli.GameStateParserSpec.parseGameState should return a string representation of the game state for a new game(GameStateParserSpec.groovy:60)
</error>
  </testcase>
</testsuite>